

Starting up. 06:04.04
---------------------
¶,p¶,p¶,p[06:37:17]ATTACK: Bryant Cypret(qwertyo55) attacked Amya Dugmore with DromedaryCo packet(INTENT: HELP) (DAMTYPE: BRUTE) (NEWHP: 100)(16,4,1)
[06:37:19]ATTACK: Bryant Cypret(qwertyo55) attacked Amya Dugmore with DromedaryCo packet(INTENT: HELP) (DAMTYPE: BRUTE) (NEWHP: 100)(16,4,1)
[06:37:35]ATTACK: Amya Dugmore(qwertyo55) shaked Bryant Cypret(@qwertyo55)  (NEWHP: 100)(15,4,1)
[06:37:36]ATTACK: Amya Dugmore(qwertyo55) shaked Bryant Cypret(@qwertyo55)  (NEWHP: 100)(15,4,1)
[06:39:42]ATTACK: Bryant Cypret(qwertyo55) attacked Amya Dugmore(@qwertyo55) with cigarette(INTENT: HELP) (DAMTYPE: BRUTE) (NEWHP: 100)(16,4,1)
[06:39:43]ATTACK: Bryant Cypret(qwertyo55) attacked Amya Dugmore(@qwertyo55) with cigarette(INTENT: HELP) (DAMTYPE: BRUTE) (NEWHP: 100)(16,4,1)
[06:39:45]ATTACK: Bryant Cypret(qwertyo55) attacked Amya Dugmore(@qwertyo55) with cigarette(INTENT: HELP) (DAMTYPE: BRUTE) (NEWHP: 100)(16,4,1)


Starting up. 16:20.30
---------------------
[16:21:18]ATTACK: dog mutant attacked Bryant Cypret(qwertyo55)  (NEWHP: 100)(37,11,1)
[16:21:18]ATTACK: dog mutant attacked Bryant Cypret(qwertyo55)  (NEWHP: 87.4)(37,11,1)
[16:21:18]ATTACK: Bryant Cypret(qwertyo55) attacked dog mutant with knife(INTENT: HARM) (DAMTYPE: BRUTE) (NEWHP: 0)(36,11,1)
[16:21:20]ATTACK: dog mutant attacked Bryant Cypret(qwertyo55)  (NEWHP: 70.3)(40,11,1)
[16:21:21]ATTACK: Bryant Cypret(qwertyo55) attacked dog mutant with knife(INTENT: HARM) (DAMTYPE: BRUTE) (NEWHP: 0)(39,11,1)
[16:22:12]ATTACK: Bryant Cypret(qwertyo55) attacked dog mutant  (NEWHP: 0)(39,11,1)
[16:43:06]ATTACK: Bryant Cypret(qwertyo55) attacked alien larva (108)  (NEWHP: 25)(41,7,1)
[16:43:07]ATTACK: Bryant Cypret(qwertyo55) attacked alien larva (108)  (NEWHP: 24)(41,7,1)
[16:43:08]ATTACK: Bryant Cypret(qwertyo55) attacked alien larva (108)  (NEWHP: 17)(41,7,1)
[16:43:09]ATTACK: Bryant Cypret(qwertyo55) attacked alien larva (108)  (NEWHP: 16)(41,7,1)
[16:43:10]ATTACK: Bryant Cypret(qwertyo55) attacked alien larva (108)  (NEWHP: 13)(41,7,1)
[16:43:11]ATTACK: Bryant Cypret(qwertyo55) attacked alien larva (108)  (NEWHP: 11)(41,7,1)
[16:43:12]ATTACK: Bryant Cypret(qwertyo55) attacked alien larva (108)  (NEWHP: 2)(41,7,1)
[16:43:12]ATTACK: Bryant Cypret(qwertyo55) attacked alien larva (108)  (NEWHP: -5)(41,7,1)
[16:43:13]ATTACK: Bryant Cypret(qwertyo55) attacked alien larva (108)  (NEWHP: -8)(41,7,1)
[16:43:14]ATTACK: Bryant Cypret(qwertyo55) attacked alien larva (108)  (NEWHP: -16)(41,7,1)
[16:43:15]ATTACK: Bryant Cypret(qwertyo55) attacked alien larva (108)  (NEWHP: -21)(41,7,1)
[16:43:16]ATTACK: Bryant Cypret(qwertyo55) attacked alien larva (108)  (NEWHP: -24)(41,7,1)
[16:43:18]ATTACK: Bryant Cypret(qwertyo55) attacked alien larva (108)  (NEWHP: -25)(41,7,1)
[16:43:19]ATTACK: Bryant Cypret(qwertyo55) attacked alien larva (108)  (NEWHP: -25)(41,7,1)
[16:47:54]ATTACK: snork attacked Bryant Cypret(qwertyo55)  (NEWHP: 100)(37,19,1)
[16:47:54]ATTACK: snork attacked Bryant Cypret(qwertyo55)  (NEWHP: 100)(37,19,1)
[16:47:54]ATTACK: snork attacked Bryant Cypret(qwertyo55)  (NEWHP: 100)(37,19,1)
[16:47:56]ATTACK: snork attacked Bryant Cypret(qwertyo55)  (NEWHP: 100)(37,19,1)
[16:47:56]ATTACK: snork attacked Bryant Cypret(qwertyo55)  (NEWHP: 100)(37,19,1)
[16:47:56]ATTACK: snork attacked Bryant Cypret(qwertyo55)  (NEWHP: 100)(37,19,1)
[16:47:58]ATTACK: snork attacked Bryant Cypret(qwertyo55)  (NEWHP: 100)(37,19,1)
[16:47:58]ATTACK: snork attacked Bryant Cypret(qwertyo55)  (NEWHP: 100)(37,19,1)
[16:48:00]ATTACK: snork attacked Bryant Cypret(qwertyo55)  (NEWHP: 100)(37,19,1)
[16:48:00]ATTACK: snork attacked Bryant Cypret(qwertyo55)  (NEWHP: 100)(37,19,1)
[16:48:00]ATTACK: snork attacked Bryant Cypret(qwertyo55)  (NEWHP: 100)(37,19,1)
[16:48:01]ATTACK: Bryant Cypret(qwertyo55) shot snork with the pellet (NEWHP: 50)(36,19,1)
[16:48:01]ATTACK: Bryant Cypret(qwertyo55) shot snork with the pellet (NEWHP: 30)(36,19,1)
[16:48:01]ATTACK: Bryant Cypret(qwertyo55) shot snork with the pellet (NEWHP: 10)(36,19,1)
[16:48:01]ATTACK: Bryant Cypret(qwertyo55) shot snork with the pellet (NEWHP: 0)(36,19,1)
[16:48:01]ATTACK: Bryant Cypret(qwertyo55) shot snork with the pellet (NEWHP: 0)(36,19,1)
[16:48:02]ATTACK: snork attacked Bryant Cypret(qwertyo55)  (NEWHP: 100)(37,19,1)
[16:48:02]ATTACK: snork attacked Bryant Cypret(qwertyo55)  (NEWHP: 100)(37,19,1)
[16:48:03]ATTACK: Bryant Cypret(qwertyo55) shot snork with the pellet (NEWHP: 0)(36,19,1)
[16:48:03]ATTACK: Bryant Cypret(qwertyo55) shot snork with the pellet (NEWHP: 0)(36,19,1)
[16:48:03]ATTACK: Bryant Cypret(qwertyo55) shot snork with the pellet (NEWHP: 0)(36,19,1)
[16:48:03]ATTACK: Bryant Cypret(qwertyo55) shot snork with the pellet (NEWHP: 0)(36,19,1)
[16:48:03]ATTACK: Bryant Cypret(qwertyo55) shot snork with the pellet (NEWHP: 0)(36,19,1)
[16:48:04]ATTACK: snork attacked Bryant Cypret(qwertyo55)  (NEWHP: 100)(37,19,1)
[16:48:04]ATTACK: snork attacked Bryant Cypret(qwertyo55)  (NEWHP: 100)(37,19,1)
[16:48:05]ATTACK: Bryant Cypret(qwertyo55) shot snork with the bullet (NEWHP: 0)(36,19,1)
[16:48:05]ATTACK: Bryant Cypret(qwertyo55) shot snork with the bullet (NEWHP: 0)(36,19,1)
[16:48:05]ATTACK: Bryant Cypret(qwertyo55) shot snork with the bullet (NEWHP: 0)(36,19,1)
[16:48:06]ATTACK: snork attacked Bryant Cypret(qwertyo55)  (NEWHP: 100)(37,19,1)
[16:48:06]ATTACK: snork attacked Bryant Cypret(qwertyo55)  (NEWHP: 100)(37,19,1)
[16:48:06]ATTACK: Bryant Cypret(qwertyo55) shot snork with the bullet (NEWHP: 0)(36,19,1)
[16:48:06]ATTACK: Bryant Cypret(qwertyo55) shot snork with the bullet (NEWHP: 0)(36,19,1)
[16:48:06]ATTACK: Bryant Cypret(qwertyo55) shot snork with the bullet (NEWHP: 0)(36,19,1)
[16:48:07]ATTACK: Bryant Cypret(qwertyo55) shot snork with the bullet (NEWHP: 0)(36,19,1)
[16:48:07]ATTACK: Bryant Cypret(qwertyo55) shot snork with the bullet (NEWHP: 0)(36,19,1)
[16:48:07]ATTACK: Bryant Cypret(qwertyo55) shot snork with the bullet (NEWHP: 0)(36,19,1)
[16:48:07]ATTACK: Bryant Cypret(qwertyo55) shot snork with the bullet (NEWHP: 0)(36,19,1)
[16:48:08]ATTACK: Bryant Cypret(qwertyo55) shot snork with the bullet (NEWHP: 0)(36,19,1)
[16:48:08]ATTACK: Bryant Cypret(qwertyo55) shot snork with the bullet (NEWHP: 0)(36,19,1)
[16:48:08]ATTACK: snork attacked Bryant Cypret(qwertyo55)  (NEWHP: 100)(37,19,1)
[16:48:08]ATTACK: snork attacked Bryant Cypret(qwertyo55)  (NEWHP: 100)(37,19,1)
[16:48:10]ATTACK: snork attacked Bryant Cypret(qwertyo55)  (NEWHP: 100)(37,19,1)
[16:48:10]ATTACK: snork attacked Bryant Cypret(qwertyo55)  (NEWHP: 100)(37,19,1)
[16:48:11]ATTACK: Bryant Cypret(qwertyo55) shot snork with the bullet (NEWHP: 45)(34,19,1)
[16:48:11]ATTACK: Bryant Cypret(qwertyo55) shot snork with the bullet (NEWHP: 20)(34,19,1)
[16:48:11]ATTACK: Bryant Cypret(qwertyo55) shot snork with the bullet (NEWHP: 0)(34,19,1)
[16:48:12]ATTACK: snork attacked Bryant Cypret(qwertyo55)  (NEWHP: 100)(33,19,1)
[16:48:14]ATTACK: snork attacked Bryant Cypret(qwertyo55)  (NEWHP: 100)(33,18,1)
[16:48:14]ATTACK: Bryant Cypret(qwertyo55) shot snork with the bullet (NEWHP: 0)(35,18,1)
[16:48:14]ATTACK: Bryant Cypret(qwertyo55) shot snork with the bullet (NEWHP: 0)(35,18,1)
[16:48:15]ATTACK: Bryant Cypret(qwertyo55) shot snork with the bullet (NEWHP: 0)(35,18,1)
[16:48:15]ATTACK: Bryant Cypret(qwertyo55) shot snork with the bullet (NEWHP: 0)(35,18,1)
[16:48:15]ATTACK: Bryant Cypret(qwertyo55) shot snork with the bullet (NEWHP: 0)(35,18,1)
[16:48:15]ATTACK: Bryant Cypret(qwertyo55) shot snork with the bullet (NEWHP: 0)(35,18,1)
[16:48:16]ATTACK: snork attacked Bryant Cypret(qwertyo55)  (NEWHP: 100)(33,18,1)
[16:48:16]ATTACK: Bryant Cypret(qwertyo55) shot snork with the bullet (NEWHP: 45)(33,18,1)
[16:48:16]ATTACK: Bryant Cypret(qwertyo55) shot snork with the bullet (NEWHP: 20)(33,18,1)
[16:48:16]ATTACK: Bryant Cypret(qwertyo55) shot snork with the bullet (NEWHP: 0)(33,18,1)
[16:48:17]ATTACK: Bryant Cypret(qwertyo55) shot snork with the bullet (NEWHP: 0)(33,18,1)
[16:48:17]ATTACK: Bryant Cypret(qwertyo55) shot snork with the bullet (NEWHP: 0)(33,18,1)
[16:48:17]ATTACK: Bryant Cypret(qwertyo55) shot snork with the bullet (NEWHP: 0)(33,18,1)
[16:48:24]ATTACK: Bryant Cypret(qwertyo55) shot snork with the bullet (NEWHP: 0)(33,18,1)
[16:48:24]ATTACK: Bryant Cypret(qwertyo55) shot snork with the bullet (NEWHP: 0)(33,18,1)
[16:48:24]ATTACK: Bryant Cypret(qwertyo55) shot snork with the bullet (NEWHP: 0)(33,18,1)
[16:51:29]ATTACK: Bryant Cypret(qwertyo55) shot boar with the bullet (NEWHP: 127)(46,19,1)
[16:51:29]ATTACK: Bryant Cypret(qwertyo55) shot boar with the bullet (NEWHP: 104)(46,19,1)
[16:51:29]ATTACK: Bryant Cypret(qwertyo55) shot boar with the bullet (NEWHP: 81)(46,19,1)
[16:51:30]ATTACK: Bryant Cypret(qwertyo55) shot boar with the bullet (NEWHP: 58)(46,19,1)
[16:51:30]ATTACK: boar attacked Bryant Cypret(qwertyo55)  (NEWHP: 100)(45,19,1)
[16:51:30]ATTACK: boar attacked Bryant Cypret(qwertyo55)  (NEWHP: 100)(45,19,1)
[16:51:32]ATTACK: Bryant Cypret(qwertyo55) shot boar with the bullet (NEWHP: 35)(48,19,1)
[16:51:32]ATTACK: Bryant Cypret(qwertyo55) shot boar with the bullet (NEWHP: 12)(48,19,1)
[16:51:32]ATTACK: boar attacked Bryant Cypret(qwertyo55)  (NEWHP: 100)(47,19,1)
[16:51:32]ATTACK: boar attacked Bryant Cypret(qwertyo55)  (NEWHP: 100)(47,19,1)
[16:51:32]ATTACK: boar attacked Bryant Cypret(qwertyo55)  (NEWHP: 100)(47,19,1)
[16:51:33]ATTACK: Bryant Cypret(qwertyo55) shot boar with the bullet (NEWHP: 127)(46,20,1)
[16:51:33]ATTACK: Bryant Cypret(qwertyo55) shot boar with the bullet (NEWHP: 104)(46,20,1)
[16:51:33]ATTACK: Bryant Cypret(qwertyo55) shot boar with the bullet (NEWHP: 127)(46,18,1)
[16:51:34]ATTACK: Bryant Cypret(qwertyo55) shot boar with the bullet (NEWHP: 104)(46,18,1)
[16:51:34]ATTACK: Bryant Cypret(qwertyo55) shot boar with the bullet (NEWHP: 81)(46,20,1)
[16:51:34]ATTACK: Bryant Cypret(qwertyo55) shot boar with the bullet (NEWHP: 58)(46,20,1)
[16:51:35]ATTACK: Bryant Cypret(qwertyo55) shot boar with the bullet (NEWHP: 81)(46,18,1)
[16:51:35]ATTACK: Bryant Cypret(qwertyo55) shot boar with the bullet (NEWHP: 58)(46,18,1)
[16:51:36]ATTACK: boar attacked Bryant Cypret(qwertyo55)  (NEWHP: 100)(47,19,1)
[16:51:36]ATTACK: boar attacked Bryant Cypret(qwertyo55)  (NEWHP: 100)(47,19,1)
[16:51:37]ATTACK: Bryant Cypret(qwertyo55) shot boar with the bullet (NEWHP: 0)(49,22,1)
[16:51:39]ATTACK: Bryant Cypret(qwertyo55) shot boar with the bullet (NEWHP: 35)(48,19,1)
[16:51:39]ATTACK: Bryant Cypret(qwertyo55) shot boar with the bullet (NEWHP: 35)(48,18,1)
[16:51:40]ATTACK: boar attacked Bryant Cypret(qwertyo55)  (NEWHP: 100)(49,19,1)
[16:51:40]ATTACK: boar attacked Bryant Cypret(qwertyo55)  (NEWHP: 100)(49,19,1)
[16:51:40]ATTACK: Bryant Cypret(qwertyo55) shot boar with the bullet (NEWHP: 12)(48,19,1)
[16:51:41]ATTACK: Bryant Cypret(qwertyo55) shot boar with the bullet (NEWHP: 12)(48,18,1)
[16:51:41]ATTACK: Bryant Cypret(qwertyo55) shot boar with the bullet (NEWHP: 0)(48,19,1)
[16:51:42]ATTACK: boar attacked Bryant Cypret(qwertyo55)  (NEWHP: 100)(49,18,1)
[16:51:42]ATTACK: Bryant Cypret(qwertyo55) shot boar with the bullet (NEWHP: 0)(48,18,1)
[16:51:49]ATTACK: Bryant Cypret(qwertyo55) shot snork with the bullet (NEWHP: 0)(33,16,1)
[16:51:50]ATTACK: Bryant Cypret(qwertyo55) shot snork with the bullet (NEWHP: 0)(33,17,1)
[16:51:50]ATTACK: Bryant Cypret(qwertyo55) shot snork with the bullet (NEWHP: 0)(33,17,1)
[16:51:51]ATTACK: Bryant Cypret(qwertyo55) shot snork with the bullet (NEWHP: 0)(33,17,1)
[16:51:51]ATTACK: Bryant Cypret(qwertyo55) shot snork with the bullet (NEWHP: 0)(33,17,1)
[16:51:53]ATTACK: Bryant Cypret(qwertyo55) hit snork with Gaduka 5 (NEWHP: 0)(33,17,1)
[16:53:19]ATTACK: Bryant Cypret(qwertyo55) attacked snork with BM-16(INTENT: HARM) (DAMTYPE: BRUTE) (NEWHP: 0)(34,17,1)
[16:53:20]ATTACK: Bryant Cypret(qwertyo55) attacked snork with BM-16(INTENT: HARM) (DAMTYPE: BRUTE) (NEWHP: 0)(34,17,1)
[16:53:21]ATTACK: Bryant Cypret(qwertyo55) attacked snork with BM-16(INTENT: HARM) (DAMTYPE: BRUTE) (NEWHP: 0)(34,17,1)
[16:53:35]ATTACK: Bryant Cypret(qwertyo55) attacked snork with BM-16(INTENT: HARM) (DAMTYPE: BRUTE) (NEWHP: 0)(34,18,1)
[16:54:24]ATTACK: Bryant Cypret(qwertyo55) attacked snork with BM-16(INTENT: HARM) (DAMTYPE: BRUTE) (NEWHP: 0)(33,19,1)
[16:54:25]ATTACK: Bryant Cypret(qwertyo55) attacked snork with BM-16(INTENT: HARM) (DAMTYPE: BRUTE) (NEWHP: 0)(33,19,1)
[16:54:26]ATTACK: Bryant Cypret(qwertyo55) attacked snork with BM-16(INTENT: HARM) (DAMTYPE: BRUTE) (NEWHP: 0)(33,19,1)
[16:54:36]ATTACK: Bryant Cypret(qwertyo55) attacked snork with BM-16(INTENT: HARM) (DAMTYPE: BRUTE) (NEWHP: 0)(34,19,1)
[16:54:36]ATTACK: Bryant Cypret(qwertyo55) attacked snork with BM-16(INTENT: HARM) (DAMTYPE: BRUTE) (NEWHP: 0)(34,19,1)
[16:54:37]ATTACK: Bryant Cypret(qwertyo55) attacked snork with BM-16(INTENT: HARM) (DAMTYPE: BRUTE) (NEWHP: 0)(34,19,1)
[16:54:38]ATTACK: Bryant Cypret(qwertyo55) attacked snork with BM-16(INTENT: HARM) (DAMTYPE: BRUTE) (NEWHP: 0)(34,19,1)
[16:54:39]ATTACK: Bryant Cypret(qwertyo55) attacked snork with BM-16(INTENT: HARM) (DAMTYPE: BRUTE) (NEWHP: 0)(34,19,1)
[16:54:40]ATTACK: Bryant Cypret(qwertyo55) attacked snork with BM-16(INTENT: HARM) (DAMTYPE: BRUTE) (NEWHP: 0)(34,19,1)
[16:55:02]ATTACK: Bryant Cypret(qwertyo55) attacked snork with BM-16(INTENT: HARM) (DAMTYPE: BRUTE) (NEWHP: 0)(34,18,1)
[16:55:02]ATTACK: Bryant Cypret(qwertyo55) attacked snork with BM-16(INTENT: HARM) (DAMTYPE: BRUTE) (NEWHP: 0)(33,17,1)
[16:55:04]ATTACK: Bryant Cypret(qwertyo55) attacked snork with BM-16(INTENT: HARM) (DAMTYPE: BRUTE) (NEWHP: 0)(34,18,1)
[16:55:06]ATTACK: Bryant Cypret(qwertyo55) attacked snork with light tube(INTENT: HARM) (DAMTYPE: BRUTE) (NEWHP: 0)(33,17,1)
[16:55:07]ATTACK: Bryant Cypret(qwertyo55) attacked snork with light tube(INTENT: HARM) (DAMTYPE: BRUTE) (NEWHP: 0)(33,17,1)
[16:55:09]ATTACK: Bryant Cypret(qwertyo55) attacked snork  (NEWHP: 0)(33,17,1)
[16:55:10]ATTACK: Bryant Cypret(qwertyo55) attacked snork with BM-16(INTENT: HARM) (DAMTYPE: BRUTE) (NEWHP: 0)(33,17,1)
[16:55:11]ATTACK: Bryant Cypret(qwertyo55) attacked snork with BM-16(INTENT: HARM) (DAMTYPE: BRUTE) (NEWHP: 0)(33,17,1)
[16:55:12]ATTACK: Bryant Cypret(qwertyo55) attacked snork  (NEWHP: 0)(33,17,1)
[16:55:13]ATTACK: Bryant Cypret(qwertyo55) attacked snork  (NEWHP: 0)(33,17,1)
[16:55:13]ATTACK: Bryant Cypret(qwertyo55) attacked snork  (NEWHP: 0)(33,17,1)
[16:55:14]ATTACK: Bryant Cypret(qwertyo55) attacked snork  (NEWHP: 0)(33,17,1)
[16:55:16]ATTACK: Bryant Cypret(qwertyo55) attacked snork  (NEWHP: 0)(33,18,1)
[16:55:16]ATTACK: Bryant Cypret(qwertyo55) attacked snork with BM-16(INTENT: HARM) (DAMTYPE: BRUTE) (NEWHP: 0)(35,18,1)
[16:55:17]ATTACK: Bryant Cypret(qwertyo55) attacked snork with BM-16(INTENT: HARM) (DAMTYPE: BRUTE) (NEWHP: 0)(33,18,1)
[16:55:18]ATTACK: Bryant Cypret(qwertyo55) attacked snork with BM-16(INTENT: HARM) (DAMTYPE: BRUTE) (NEWHP: 0)(33,18,1)
[16:55:20]ATTACK: Bryant Cypret(qwertyo55) attacked snork with BM-16(INTENT: HARM) (DAMTYPE: BRUTE) (NEWHP: 0)(35,18,1)
[16:55:20]ATTACK: Bryant Cypret(qwertyo55) attacked snork with BM-16(INTENT: HARM) (DAMTYPE: BRUTE) (NEWHP: 0)(35,18,1)
[16:55:25]ATTACK: Bryant Cypret(qwertyo55) hit snork with BM-16 (NEWHP: 0)(35,17,1)
[16:55:26]ATTACK: Bryant Cypret(qwertyo55) hit snork with BM-16 (NEWHP: 0)(35,16,1)
[16:55:30]ATTACK: Bryant Cypret(qwertyo55) hit snork with Gaduka 5 (NEWHP: 0)(35,16,1)
[16:55:31]ATTACK: Bryant Cypret(qwertyo55) hit snork with Gaduka 5 (NEWHP: 0)(35,16,1)
[16:55:32]ATTACK: Bryant Cypret(qwertyo55) hit snork with BM-16 (NEWHP: 0)(35,16,1)
[16:55:35]ATTACK: Bryant Cypret(qwertyo55) hit snork with BM-16 (NEWHP: 0)(35,16,1)
[16:55:43]ATTACK: Bryant Cypret(qwertyo55) attacked dog mutant  (NEWHP: 20)(36,11,1)
[16:55:43]ATTACK: dog mutant attacked Bryant Cypret(qwertyo55)  (NEWHP: 100)(37,11,1)
[16:55:44]ATTACK: Bryant Cypret(qwertyo55) attacked dog mutant  (NEWHP: 15)(36,11,1)
[16:55:44]ATTACK: Bryant Cypret(qwertyo55) attacked dog mutant  (NEWHP: 10)(36,11,1)
[16:55:45]ATTACK: dog mutant attacked Bryant Cypret(qwertyo55)  (NEWHP: 100)(37,11,1)
[16:55:45]ATTACK: dog mutant attacked Bryant Cypret(qwertyo55)  (NEWHP: 100)(37,11,1)
[16:55:45]ATTACK: Bryant Cypret(qwertyo55) attacked dog mutant  (NEWHP: 0)(36,11,1)
[16:55:51]ATTACK: flesh attacked Bryant Cypret(qwertyo55)  (NEWHP: 100)(45,11,1)
[16:55:51]ATTACK: flesh attacked Bryant Cypret(qwertyo55)  (NEWHP: 100)(45,11,1)
[16:55:51]ATTACK: Bryant Cypret(qwertyo55) attacked flesh  (NEWHP: 37)(46,11,1)
[16:55:53]ATTACK: Bryant Cypret(qwertyo55) attacked flesh  (NEWHP: 34)(46,11,1)
[16:55:53]ATTACK: flesh attacked Bryant Cypret(qwertyo55)  (NEWHP: 100)(45,11,1)
[16:55:53]ATTACK: flesh attacked Bryant Cypret(qwertyo55)  (NEWHP: 100)(45,11,1)
[16:55:53]ATTACK: Bryant Cypret(qwertyo55) attacked flesh  (NEWHP: 31)(47,11,1)
[16:55:55]ATTACK: flesh attacked Bryant Cypret(qwertyo55)  (NEWHP: 100)(42,10,1)
[16:55:55]ATTACK: flesh attacked Bryant Cypret(qwertyo55)  (NEWHP: 100)(42,10,1)
[16:55:57]ATTACK: flesh attacked Bryant Cypret(qwertyo55)  (NEWHP: 100)(42,5,1)
[16:55:59]ATTACK: flesh attacked Bryant Cypret(qwertyo55)  (NEWHP: 100)(38,5,1)
[16:55:59]ATTACK: flesh attacked Bryant Cypret(qwertyo55)  (NEWHP: 100)(38,5,1)
[16:56:01]ATTACK: flesh attacked Bryant Cypret(qwertyo55)  (NEWHP: 100)(38,5,1)
[16:56:01]ATTACK: flesh attacked Bryant Cypret(qwertyo55)  (NEWHP: 100)(38,5,1)
[16:56:03]ATTACK: Bryant Cypret(qwertyo55) shot flesh with the pellet (NEWHP: 20)(38,4,1)
[16:56:03]ATTACK: Bryant Cypret(qwertyo55) shot flesh with the pellet (NEWHP: 20)(38,5,1)
[16:56:03]ATTACK: Bryant Cypret(qwertyo55) shot flesh with the pellet (NEWHP: 0)(38,5,1)
[16:56:04]ATTACK: Bryant Cypret(qwertyo55) shot flesh with the pellet (NEWHP: 0)(36,5,1)
[16:56:52]ATTACK: Bryant Cypret(qwertyo55) shot Francis Parker with the pellet (NEWHP: 100)(13,44,1)
[16:56:52]ATTACK: Bryant Cypret(qwertyo55) shot Francis Parker with the pellet (NEWHP: 100)(13,44,1)
[16:56:52]ATTACK: Bryant Cypret(qwertyo55) shot Francis Parker with the pellet (NEWHP: 100)(13,44,1)
[16:56:57]ATTACK: Bryant Cypret(qwertyo55) shot Francis Parker with the pellet (NEWHP: 40)(13,44,1)
[16:56:57]ATTACK: Bryant Cypret(qwertyo55) shot Francis Parker with the pellet (NEWHP: 40)(13,44,1)
[16:56:58]ATTACK: Bryant Cypret(qwertyo55) shot Francis Parker with the pellet (NEWHP: 0)(13,44,1)
[16:56:58]ATTACK: Bryant Cypret(qwertyo55) shot Francis Parker with the pellet (NEWHP: 0)(13,44,1)
[16:57:36]ATTACK: Bryant Cypret(qwertyo55) shot Gabriel Trovato with the pellet (NEWHP: 100)(31,44,1)
[16:57:38]ATTACK: Bryant Cypret(qwertyo55) shot Gabriel Trovato with the pellet (NEWHP: 80)(31,44,1)
[16:57:40]ATTACK: Bryant Cypret(qwertyo55) shot Gabriel Trovato with the pellet (NEWHP: 60)(31,44,1)
[16:57:43]ATTACK: Bryant Cypret(qwertyo55) shot Gabriel Trovato with the pellet (NEWHP: 40)(31,44,1)
[16:57:51]ATTACK: Bryant Cypret(qwertyo55) shot Gabriel Trovato with the pellet (NEWHP: 20)(31,44,1)
[16:57:51]ATTACK: Bryant Cypret(qwertyo55) shot Gabriel Trovato with the pellet (NEWHP: 20)(31,44,1)
[16:57:51]ATTACK: Bryant Cypret(qwertyo55) shot Gabriel Trovato with the pellet (NEWHP: 20)(31,44,1)
[16:58:26]ATTACK: Bryant Cypret(qwertyo55) shot Gabriel Trovato with the bullet (NEWHP: -46)(31,44,1)
[16:58:26]ATTACK: Bryant Cypret(qwertyo55) shot Gabriel Trovato with the bullet (NEWHP: -46)(31,44,1)
[16:58:27]ATTACK: Bryant Cypret(qwertyo55) shot Gabriel Trovato with the bullet (NEWHP: -109)(31,44,1)
[16:58:33]ATTACK: Bryant Cypret(qwertyo55) shot Abel Caldwell with the bullet (NEWHP: 100)(13,39,1)
[16:58:37]ATTACK: Bryant Cypret(qwertyo55) shot Abel Caldwell with the bullet (NEWHP: 70)(13,39,1)
[16:58:38]ATTACK: Bryant Cypret(qwertyo55) shot Abel Caldwell with the bullet (NEWHP: 40)(13,39,1)
[16:58:39]ATTACK: Bryant Cypret(qwertyo55) shot Abel Caldwell with the bullet (NEWHP: 40)(13,39,1)
[16:58:39]ATTACK: Bryant Cypret(qwertyo55) shot Abel Caldwell with the bullet (NEWHP: 40)(13,39,1)
[16:58:40]ATTACK: Bryant Cypret(qwertyo55) shot Abel Caldwell with the bullet (NEWHP: -50)(13,39,1)
[16:58:41]ATTACK: Bryant Cypret(qwertyo55) shot Abel Caldwell with the bullet (NEWHP: -50)(13,39,1)
[16:58:41]ATTACK: Bryant Cypret(qwertyo55) shot Abel Caldwell with the bullet (NEWHP: -50)(13,39,1)
[16:58:42]ATTACK: Bryant Cypret(qwertyo55) shot Abel Caldwell with the bullet (NEWHP: -140)(13,39,1)
[16:58:43]ATTACK: Bryant Cypret(qwertyo55) shot Abel Caldwell with the bullet (NEWHP: -140)(13,39,1)
[16:58:45]ATTACK: Bryant Cypret(qwertyo55) shot Alexandria Holdeman with the bullet (NEWHP: 100)(31,39,1)
[16:58:47]ATTACK: Bryant Cypret(qwertyo55) shot Alexandria Holdeman with the bullet (NEWHP: 70)(31,39,1)
[16:58:47]ATTACK: Bryant Cypret(qwertyo55) shot Alexandria Holdeman with the bullet (NEWHP: 70)(31,39,1)
[16:58:48]ATTACK: Bryant Cypret(qwertyo55) shot Alexandria Holdeman with the bullet (NEWHP: 70)(31,39,1)
[16:58:48]ATTACK: Bryant Cypret(qwertyo55) shot Alexandria Holdeman with the bullet (NEWHP: 70)(31,39,1)
[16:58:48]ATTACK: Bryant Cypret(qwertyo55) shot Alexandria Holdeman with the bullet (NEWHP: -50)(31,39,1)
[16:58:48]ATTACK: Bryant Cypret(qwertyo55) shot Alexandria Holdeman with the bullet (NEWHP: -50)(31,39,1)
[16:58:55]ATTACK: Bryant Cypret(qwertyo55) shot Pauleen Ironmonger with the bullet (NEWHP: 100)(13,34,1)
[16:58:55]ATTACK: Bryant Cypret(qwertyo55) shot Pauleen Ironmonger with the bullet (NEWHP: 100)(13,34,1)
[16:58:55]ATTACK: Bryant Cypret(qwertyo55) shot Pauleen Ironmonger with the bullet (NEWHP: 100)(13,34,1)
[16:58:56]ATTACK: Bryant Cypret(qwertyo55) shot Pauleen Ironmonger with the bullet (NEWHP: 100)(13,34,1)
[16:58:56]ATTACK: Bryant Cypret(qwertyo55) shot Pauleen Ironmonger with the bullet (NEWHP: 100)(13,34,1)
[16:58:56]ATTACK: Bryant Cypret(qwertyo55) shot Pauleen Ironmonger with the bullet (NEWHP: 100)(13,34,1)
[16:58:57]ATTACK: Bryant Cypret(qwertyo55) shot Pauleen Ironmonger with the bullet (NEWHP: -50)(13,34,1)
[16:58:57]ATTACK: Bryant Cypret(qwertyo55) shot Pauleen Ironmonger with the bullet (NEWHP: -50)(13,34,1)
[16:58:57]ATTACK: Bryant Cypret(qwertyo55) shot Pauleen Ironmonger with the bullet (NEWHP: -50)(13,34,1)
[16:59:00]ATTACK: Bryant Cypret(qwertyo55) shot Alice Powell with the bullet (NEWHP: 100)(31,34,1)
[16:59:00]ATTACK: Bryant Cypret(qwertyo55) shot Alice Powell with the bullet (NEWHP: 100)(31,34,1)
[16:59:00]ATTACK: Bryant Cypret(qwertyo55) shot Alice Powell with the bullet (NEWHP: 100)(31,34,1)
[16:59:00]ATTACK: Bryant Cypret(qwertyo55) shot Alice Powell with the bullet (NEWHP: 100)(31,34,1)
[16:59:01]ATTACK: Bryant Cypret(qwertyo55) shot Alice Powell with the bullet (NEWHP: 100)(31,34,1)
[16:59:01]ATTACK: Bryant Cypret(qwertyo55) shot Alice Powell with the bullet (NEWHP: 100)(31,34,1)
[16:59:01]ATTACK: Bryant Cypret(qwertyo55) shot Alice Powell with the bullet (NEWHP: -50)(31,34,1)
[16:59:01]ATTACK: Bryant Cypret(qwertyo55) shot Alice Powell with the bullet (NEWHP: -50)(31,34,1)
[16:59:01]ATTACK: Bryant Cypret(qwertyo55) shot Alice Powell with the bullet (NEWHP: -50)(31,34,1)
[16:59:42]ATTACK: Bryant Cypret(qwertyo55) shot Gabriel Trovato with the pellet (NEWHP: -139)(31,44,1)
[16:59:42]ATTACK: Bryant Cypret(qwertyo55) shot Gabriel Trovato with the pellet (NEWHP: -139)(31,44,1)
[16:59:43]ATTACK: Bryant Cypret(qwertyo55) shot Gabriel Trovato with the pellet (NEWHP: -179)(31,44,1)
[16:59:43]ATTACK: Bryant Cypret(qwertyo55) shot Gabriel Trovato with the pellet (NEWHP: -179)(31,44,1)
[16:59:44]ATTACK: Bryant Cypret(qwertyo55) shot Gabriel Trovato with the pellet (NEWHP: -179)(31,44,1)
[16:59:44]ATTACK: Bryant Cypret(qwertyo55) shot Gabriel Trovato with the pellet (NEWHP: -179)(31,44,1)
[16:59:46]ATTACK: Bryant Cypret(qwertyo55) shot Gabriel Trovato with the pellet (NEWHP: -224)(31,44,1)
[16:59:46]ATTACK: Bryant Cypret(qwertyo55) shot Gabriel Trovato with the pellet (NEWHP: -224)(31,44,1)
[16:59:47]ATTACK: Bryant Cypret(qwertyo55) shot Gabriel Trovato with the pellet (NEWHP: -244)(31,44,1)
[16:59:47]ATTACK: Bryant Cypret(qwertyo55) shot Gabriel Trovato with the pellet (NEWHP: -244)(31,44,1)
[17:03:25]ATTACK: Bryant Cypret(qwertyo55) shot Timothy Dean with the bullet (NEWHP: 100)(31,29,1)
[17:03:30]ATTACK: Bryant Cypret(qwertyo55) shot Timothy Dean with the bullet (NEWHP: 75)(31,29,1)
[17:03:31]ATTACK: Bryant Cypret(qwertyo55) shot Timothy Dean with the bullet (NEWHP: 50)(31,29,1)
[17:03:32]ATTACK: Bryant Cypret(qwertyo55) shot Timothy Dean with the bullet (NEWHP: 50)(31,29,1)
[17:03:34]ATTACK: Bryant Cypret(qwertyo55) shot Timothy Dean with the bullet (NEWHP: 0)(31,29,1)
[17:03:35]ATTACK: Bryant Cypret(qwertyo55) shot Timothy Dean with the bullet (NEWHP: -25)(31,29,1)
[17:03:35]ATTACK: Bryant Cypret(qwertyo55) shot Timothy Dean with the bullet (NEWHP: -25)(31,29,1)
[17:03:36]ATTACK: Bryant Cypret(qwertyo55) shot Timothy Dean with the bullet (NEWHP: -25)(31,29,1)
[17:04:48]ATTACK: Bryant Cypret(qwertyo55) shot alien with the bullet (NEWHP: 80)(41,5,1)
[17:04:48]ATTACK: Bryant Cypret(qwertyo55) shot alien with the bullet (NEWHP: 60)(41,5,1)
[17:04:49]ATTACK: Bryant Cypret(qwertyo55) shot alien with the bullet (NEWHP: 40)(41,5,1)
[17:04:49]ATTACK: Bryant Cypret(qwertyo55) shot alien with the bullet (NEWHP: 20)(41,5,1)
[17:04:50]ATTACK: Bryant Cypret(qwertyo55) shot alien with the bullet (NEWHP: 0)(41,5,1)


Starting up. 17:25.40
---------------------
[17:29:14]ATTACK: dog mutant attacked Bryant Cypret(qwertyo55)  (NEWHP: 100)(37,11,1)
[17:29:42]ATTACK: Bryant Cypret(qwertyo55) hit Priscilla Muller with the knife (NEWHP: 100)(40,9,1)
[17:29:43]ATTACK: Bryant Cypret(qwertyo55) attacked Priscilla Muller with knife(INTENT: HELP) (DAMTYPE: BRUTE) (NEWHP: 60)(40,9,1)
[17:29:44]ATTACK: Bryant Cypret(qwertyo55) attacked Priscilla Muller with knife(INTENT: HELP) (DAMTYPE: BRUTE) (NEWHP: 60)(40,9,1)
[17:29:45]ATTACK: Bryant Cypret(qwertyo55) attacked Priscilla Muller with knife(INTENT: HELP) (DAMTYPE: BRUTE) (NEWHP: 10)(40,9,1)
[17:31:39]ATTACK: dog mutant attacked Bryant Cypret(qwertyo55)  (NEWHP: 100)(36,12,1)
[17:31:39]ATTACK: dog mutant attacked Bryant Cypret(qwertyo55)  (NEWHP: 100)(36,12,1)
[17:31:41]ATTACK: dog mutant attacked Bryant Cypret(qwertyo55)  (NEWHP: 100)(41,9,1)
[17:31:45]ATTACK: dog mutant attacked Bryant Cypret(qwertyo55)  (NEWHP: 100)(42,4,1)
[17:34:31]ATTACK: flesh(qwertyo55) attacked flesh  (NEWHP: 40)(49,8,1)
[17:34:32]ATTACK: flesh(qwertyo55) attacked flesh  (NEWHP: 15)(49,8,1)
[17:34:33]ATTACK: flesh(qwertyo55) attacked flesh  (NEWHP: 40)(47,12,1)
[17:34:34]ATTACK: flesh(qwertyo55) attacked flesh  (NEWHP: 11)(47,12,1)
