

Starting up. 17:56.09
---------------------
Adding game mode blob (blob) to configuration.
Adding game mode changeling (changeling) to configuration.
Adding game mode traitor+changeling (traitorchan) to configuration.
Adding game mode double agents (double_agents) to configuration.
Adding game mode traitor (traitor) to configuration.
Adding game mode cult (cult) to configuration.
Adding game mode extended (extended) to configuration.
Adding game mode gang war (gang) to configuration.
Adding game mode hand of god (handofgod) to configuration.
Adding game mode meteor (meteor) to configuration.
Adding game mode abduction (abduction) to configuration.
Adding game mode monkey (monkey) to configuration.
Adding game mode nuclear emergency (nuclear) to configuration.
Adding game mode revolution (revolution) to configuration.
Adding game mode sandbox (sandbox) to configuration.
Adding game mode shadowling (shadowling) to configuration.
Adding game mode very ragin' bullshit mages (veryraginbullshitmages) to configuration.
Adding game mode ragin' mages (raginmages) to configuration.
Adding game mode wizard (wizard) to configuration.
Unknown game mode probability configuration definition: malfunction.
Unknown continuous configuration definition: malfunction.
Unknown midround antagonist configuration definition: malfunction.
Saved mode is 'extended'
[17:56:19]ADMIN: Loading appearance_rank
[17:56:19]ADMIN: appearance_keylist was empty
[17:56:19]ADMIN: Loading Banlist
[17:56:20]ACCESS: Login: Qwertyo55/(Qwertyo55) from localhost-2745743991 || BYOND v509


Starting up. 18:00.12
---------------------
Adding game mode blob (blob) to configuration.
Adding game mode changeling (changeling) to configuration.
Adding game mode traitor+changeling (traitorchan) to configuration.
Adding game mode double agents (double_agents) to configuration.
Adding game mode traitor (traitor) to configuration.
Adding game mode cult (cult) to configuration.
Adding game mode extended (extended) to configuration.
Adding game mode gang war (gang) to configuration.
Adding game mode hand of god (handofgod) to configuration.
Adding game mode meteor (meteor) to configuration.
Adding game mode abduction (abduction) to configuration.
Adding game mode monkey (monkey) to configuration.
Adding game mode nuclear emergency (nuclear) to configuration.
Adding game mode revolution (revolution) to configuration.
Adding game mode sandbox (sandbox) to configuration.
Adding game mode shadowling (shadowling) to configuration.
Adding game mode very ragin' bullshit mages (veryraginbullshitmages) to configuration.
Adding game mode ragin' mages (raginmages) to configuration.
Adding game mode wizard (wizard) to configuration.
Unknown game mode probability configuration definition: malfunction.
Unknown continuous configuration definition: malfunction.
Unknown midround antagonist configuration definition: malfunction.
Saved mode is 'extended'
[18:00:12]ADMIN: Loading appearance_rank
[18:00:12]ADMIN: appearance_keylist was empty
[18:00:12]ADMIN: Loading Banlist
[18:26:09]ACCESS: Login: Qwertyo55/(Qwertyo55) from 127.0.0.1-2745743991 || BYOND v509
[18:29:56]GAME: SQL ERROR obtaining jobbans. Error : [not connected]

[18:30:01]ACCESS: Logout: *no key*/(Qwertyo55)
[18:30:01]ACCESS: Login: Qwertyo55/(Bryant Cypret) from 127.0.0.1-2745743991 || BYOND v509
[18:30:35]ADMIN: Qwertyo55/(Bryant Cypret) created a /obj/item/weapon/gun/energy/laser/captain
[18:30:58]ADMIN: Qwertyo55/(Bryant Cypret) created a /obj/item/device/flashlight/lantern
[18:31:44]ADMIN: Qwertyo55/(Bryant Cypret) modified pillar's layer to 7
[18:33:27]ADMIN: Qwertyo55/(Bryant Cypret) modified tree's layer to 7
[18:33:49]ADMIN: Qwertyo55/(Bryant Cypret) created a /mob/living/carbon/human
[18:33:59]EMOTE: Shannah Thorley/ : <B>Shannah Thorley</B> seizes up and falls limp, her eyes dead and lifeless...
[18:34:12]ADMIN: Qwertyo55/(Bryant Cypret) created a /mob/living/carbon/alien/humanoid/royal
[18:34:17]ADMIN: Qwertyo55/(Bryant Cypret) created a /mob/living/silicon/robot/syndicate/medical
[18:34:23]ADMIN: Qwertyo55/(Bryant Cypret) created a /mob/living/silicon/robot/syndicate
[18:34:25]ADMIN: Qwertyo55/(Bryant Cypret) admin ghosted
[18:34:25]ACCESS: Logout: *no key*/(Bryant Cypret)
[18:34:25]ACCESS: Login: Qwertyo55/(Bryant Cypret) from 127.0.0.1-2745743991 || BYOND v509
[18:34:27]ADMIN: Qwertyo55/(Bryant Cypret) stuffed qwertyo55 into Syndicate Medical Cyborg-933.
[18:34:27]ACCESS: Logout: *no key*/(Bryant Cypret)
[18:34:27]ACCESS: Login: qwertyo55/(Syndicate Medical Cyborg-933) from 127.0.0.1-2745743991 || BYOND v509
[18:35:18]ADMIN: qwertyo55/(Syndicate Medical Cyborg-933) admin ghosted
[18:35:18]ACCESS: Logout: *no key*/(Syndicate Medical Cyborg-933)
[18:35:18]ACCESS: Login: qwertyo55/(Syndicate Medical Cyborg-933) from 127.0.0.1-2745743991 || BYOND v509
[18:35:20]ADMIN: qwertyo55/(Syndicate Medical Cyborg-933) stuffed qwertyo55 into Syndicate Assault Cyborg-105.
[18:35:20]ACCESS: Logout: *no key*/(Syndicate Medical Cyborg-933)
[18:35:20]ACCESS: Login: qwertyo55/(Syndicate Assault Cyborg-105) from 127.0.0.1-2745743991 || BYOND v509
[18:38:43]EMOTE: Bryant Cypret/ : <B>Bryant Cypret</B> seizes up and falls limp, his eyes dead and lifeless...
[18:39:38]ADMIN: qwertyo55/(Syndicate Assault Cyborg-105) created a /obj/machinery/recharge_station
[18:40:16]ACCESS: Logout: qwertyo55[DC]/(Syndicate Assault Cyborg-105)


Starting up. 19:55.56
---------------------


Starting up. 19:58.23
---------------------
Adding game mode blob (blob) to configuration.
Adding game mode changeling (changeling) to configuration.
Adding game mode traitor+changeling (traitorchan) to configuration.
Adding game mode double agents (double_agents) to configuration.
Adding game mode traitor (traitor) to configuration.
Adding game mode cult (cult) to configuration.
Adding game mode extended (extended) to configuration.
Adding game mode gang war (gang) to configuration.
Adding game mode hand of god (handofgod) to configuration.
Adding game mode meteor (meteor) to configuration.
Adding game mode abduction (abduction) to configuration.
Adding game mode monkey (monkey) to configuration.
Adding game mode nuclear emergency (nuclear) to configuration.
Adding game mode revolution (revolution) to configuration.
Adding game mode sandbox (sandbox) to configuration.
Adding game mode shadowling (shadowling) to configuration.
Adding game mode very ragin' bullshit mages (veryraginbullshitmages) to configuration.
Adding game mode ragin' mages (raginmages) to configuration.
Adding game mode wizard (wizard) to configuration.
Unknown game mode probability configuration definition: malfunction.
Unknown continuous configuration definition: malfunction.
Unknown midround antagonist configuration definition: malfunction.
Saved mode is 'extended'
[19:58:23]ADMIN: Loading appearance_rank
[19:58:23]ADMIN: appearance_keylist was empty
[19:58:23]ADMIN: Loading Banlist
[20:00:02]ACCESS: Login: Qwertyo55/(Qwertyo55) from 127.0.0.1-2745743991 || BYOND v509
[20:00:33]ADMIN: Qwertyo55 has started the game.
[20:00:42]GAME: SQL ERROR obtaining jobbans. Error : [not connected]

[20:00:42]ACCESS: Logout: *no key*/(Qwertyo55)
[20:00:42]ACCESS: Login: Qwertyo55/(Bryant Cypret) from 127.0.0.1-2745743991 || BYOND v509
[20:01:24]ADMIN: Qwertyo55/(Bryant Cypret) modified tire's density to 1
[20:01:31]ADMIN: Qwertyo55/(Bryant Cypret) modified tire's density to 0
[20:02:17]ADMIN: Qwertyo55/(Bryant Cypret) jumped to 65,117,1 in Outdoor
[20:02:39]ADMIN: Qwertyo55/(Bryant Cypret) created a /obj/item/weapon/gun/projectile/automatic/mp5
[20:02:41]ADMIN: Qwertyo55/(Bryant Cypret) created a /obj/item/weapon/gun/projectile/automatic/aksu74
[20:02:47]ADMIN: Qwertyo55/(Bryant Cypret) created a /obj/item/weapon/gun/projectile/automatic/il86
[20:02:51]ADMIN: Qwertyo55/(Bryant Cypret) created a /obj/item/weapon/gun/projectile/automatic/tpc301
[20:02:57]ADMIN: Qwertyo55/(Bryant Cypret) created a /obj/item/weapon/gun/projectile/automatic/testgun
[20:03:02]ADMIN: Qwertyo55/(Bryant Cypret) created a /obj/item/weapon/gun/projectile/automatic/vintorez
[20:03:09]ADMIN: Qwertyo55/(Bryant Cypret) created a /obj/item/weapon/gun/projectile/automatic/ak74
[20:03:13]ADMIN: Qwertyo55/(Bryant Cypret) created a /obj/item/weapon/gun/projectile/automatic/pistol/deagle
[20:03:18]ADMIN: Qwertyo55/(Bryant Cypret) created a /obj/item/weapon/gun/projectile/automatic/pistol/m1911
[20:03:23]ADMIN: Qwertyo55/(Bryant Cypret) created a /obj/item/weapon/gun/projectile/automatic/pistol/fort12
[20:03:27]ADMIN: Qwertyo55/(Bryant Cypret) created a /obj/item/weapon/gun/projectile/automatic/pistol/marta
[20:03:38]ADMIN: Qwertyo55/(Bryant Cypret) created a /obj/item/weapon/gun/projectile/automatic/pistol/cora
[20:03:46]ADMIN: Qwertyo55/(Bryant Cypret) created a /obj/item/weapon/gun/projectile/automatic/pistol/pm
[20:03:51]ADMIN: Qwertyo55/(Bryant Cypret) created a /obj/item/weapon/gun/projectile/automatic/pistol/sip
[20:04:40]ADMIN: Qwertyo55/(Bryant Cypret) created a /obj/item/weapon/gun/energy
[20:04:51]ADMIN: Qwertyo55/(Bryant Cypret) created a /obj/item/weapon/gun/energy/disabler
[20:04:57]ADMIN: Qwertyo55/(Bryant Cypret) created a /obj/item/weapon/gun/energy/stunrevolver
[20:05:05]ADMIN: Qwertyo55/(Bryant Cypret) created a /obj/item/weapon/gun/projectile/revolver/bm16/sawnoff
[20:05:10]ADMIN: Qwertyo55/(Bryant Cypret) created a /obj/item/weapon/gun/projectile/revolver/bm16/toz34
[20:05:17]ADMIN: Qwertyo55/(Bryant Cypret) created a /obj/item/weapon/gun/projectile/revolver/bm16
[20:05:22]ADMIN: Qwertyo55/(Bryant Cypret) created a /obj/item/weapon/gun/projectile/revolver/bm16
[20:05:26]ADMIN: Qwertyo55/(Bryant Cypret) created a /obj/item/weapon/gun/projectile/revolver/detective
[20:05:33]ADMIN: Qwertyo55/(Bryant Cypret) created a /obj/item/weapon/gun/projectile/revolver/russian
[20:05:41]EMOTE: Bryant Cypret/Qwertyo55 : <B>Bryant Cypret</B> seizes up and falls limp, his eyes dead and lifeless...
[20:05:41]ACCESS: Logout: *no key*/(Bryant Cypret)
[20:05:41]ACCESS: Login: Qwertyo55/(Bryant Cypret) from 127.0.0.1-2745743991 || BYOND v509
[20:06:04]GAME: SQL ERROR obtaining reason from watch table. Error : [not connected]

[20:06:05]ADMIN: Qwertyo55/(Bryant Cypret) has used rudimentary transformation on Qwertyo55/(Bryant Cypret). Transforming to human; deletemob=1
[20:06:05]ACCESS: Logout: *no key*/(Bryant Cypret)
[20:06:05]ACCESS: Login: Qwertyo55/(Bryant Cypret) from 127.0.0.1-2745743991 || BYOND v509
[20:06:07]ADMIN: Qwertyo55/(Bryant Cypret) stuffed qwertyo55 into Bryant Cypret.
[20:06:07]ACCESS: Logout: *no key*/(Bryant Cypret)
[20:06:07]ACCESS: Login: qwertyo55/(Bryant Cypret) from 127.0.0.1-2745743991 || BYOND v509
[20:06:19]ADMIN: qwertyo55/(Bryant Cypret) created a /obj/item/device/flashlight/lantern
[20:06:43]ADMIN: qwertyo55/(Bryant Cypret) created a /obj/item/weapon/manybolts
[20:07:54]GAME: SQL ERROR obtaining reason from watch table. Error : [not connected]

[20:07:55]ADMIN: qwertyo55/(Bryant Cypret) healed / Revived qwertyo55/(Bryant Cypret)
[20:08:55]ACCESS: Logout: qwertyo55[DC]/(Bryant Cypret)
